TN:
SF:lib/common/exceptions/bad_request_exception.dart
FNF:0
FNH:0
DA:5,2
DA:6,2
LF:2
LH:2
end_of_record
TN:
SF:lib/common/exceptions/forbidden_exception.dart
FNF:0
FNH:0
DA:5,2
DA:6,2
LF:2
LH:2
end_of_record
TN:
SF:lib/common/exceptions/server_error_exception.dart
FNF:0
FNH:0
DA:5,2
DA:6,2
LF:2
LH:2
end_of_record
TN:
SF:lib/common/exceptions/server_exception.dart
FNF:0
FNH:0
DA:7,5
LF:1
LH:1
end_of_record
TN:
SF:lib/common/exceptions/unauthorized_exception.dart
FNF:0
FNH:0
DA:5,2
DA:6,2
LF:2
LH:2
end_of_record
TN:
SF:lib/common/http/http_client.dart
FNF:0
FNH:0
DA:15,1
DA:19,1
DA:22,0
DA:24,1
DA:25,3
DA:28,2
DA:33,1
DA:36,1
DA:37,1
DA:38,1
DA:41,1
DA:42,1
DA:44,3
DA:45,1
DA:49,1
DA:54,1
DA:55,1
DA:57,3
DA:58,1
DA:59,1
DA:60,1
DA:64,1
DA:69,1
DA:70,1
DA:72,3
DA:73,1
DA:74,1
DA:75,1
DA:79,1
DA:84,1
DA:85,1
DA:87,3
DA:88,1
DA:89,1
DA:93,1
DA:98,1
DA:99,1
DA:101,3
DA:102,1
DA:106,1
DA:109,1
DA:110,3
LF:42
LH:41
end_of_record
TN:
SF:lib/common/injector/injector.dart
FNF:0
FNH:0
DA:4,24
DA:6,20
LF:2
LH:2
end_of_record
TN:
SF:lib/common/utils/database_util.dart
FNF:0
FNH:0
DA:8,1
DA:9,2
DA:10,3
DA:14,3
DA:16,6
DA:17,2
DA:18,6
LF:7
LH:7
end_of_record
TN:
SF:lib/common/utils/http_utils.dart
FNF:0
FNH:0
DA:13,2
DA:14,2
DA:15,4
DA:19,1
DA:20,2
DA:21,0
DA:22,2
DA:23,0
DA:28,2
DA:29,2
DA:30,2
DA:31,2
DA:32,4
DA:33,2
DA:34,2
DA:36,1
DA:37,1
DA:38,3
DA:40,1
DA:41,1
DA:42,3
DA:44,1
DA:45,1
DA:46,3
DA:51,1
DA:52,3
LF:26
LH:24
end_of_record
TN:
SF:lib/data/datasources/local/local_database/base_local_database.dart
FNF:0
FNH:0
DA:33,2
DA:36,2
DA:39,2
DA:40,8
DA:43,0
DA:49,2
DA:50,4
DA:51,2
DA:52,2
DA:53,2
DA:58,1
DA:59,2
DA:60,1
DA:63,2
DA:64,4
DA:65,6
DA:68,1
DA:69,2
DA:70,2
DA:73,2
DA:74,4
DA:75,4
DA:78,1
DA:79,2
DA:80,2
DA:83,2
DA:84,4
DA:85,4
DA:86,4
DA:89,2
DA:90,4
DA:91,8
LF:32
LH:31
end_of_record
TN:
SF:lib/data/datasources/local/local_database/tables/todo_table.dart
FNF:0
FNH:0
DA:21,1
DA:22,1
DA:28,2
DA:29,1
DA:30,1
DA:31,1
DA:34,2
DA:35,1
DA:36,1
DA:37,1
LF:10
LH:10
end_of_record
TN:
SF:lib/data/datasources/local/local_database/todo_local_datasource.dart
FNF:0
FNH:0
DA:8,2
DA:9,2
DA:13,1
DA:14,2
DA:15,2
DA:18,1
DA:19,4
DA:23,1
DA:24,1
DA:25,4
DA:27,2
LF:11
LH:11
end_of_record
TN:
SF:lib/data/datasources/remote/todo_remote_datasource.dart
FNF:0
FNH:0
DA:7,1
DA:9,1
DA:11,3
DA:12,1
DA:15,1
DA:16,3
DA:18,1
DA:20,1
DA:23,1
DA:24,3
DA:25,2
DA:26,1
DA:28,1
DA:31,1
DA:32,3
DA:33,1
DA:35,1
LF:17
LH:17
end_of_record
TN:
SF:lib/data/models/todo_model.dart
FNF:0
FNH:0
DA:4,5
DA:8,5
DA:14,4
DA:15,2
DA:16,2
DA:17,2
DA:20,2
DA:21,8
DA:23,1
DA:24,1
DA:25,1
DA:26,2
DA:28,1
DA:29,2
DA:34,1
DA:35,1
DA:36,1
DA:37,1
DA:38,1
LF:19
LH:19
end_of_record
TN:
SF:lib/data/repositories/todo_repository_impl.dart
FNF:0
FNH:0
DA:12,1
DA:18,1
DA:19,3
DA:20,1
DA:21,3
DA:23,2
DA:24,1
DA:25,2
DA:26,2
DA:34,1
DA:35,3
DA:37,3
DA:43,1
DA:44,3
DA:46,3
DA:51,1
DA:52,3
DA:54,3
LF:18
LH:18
end_of_record
TN:
SF:lib/domain/entities/todo_entity.dart
FNF:0
FNH:0
DA:6,9
LF:1
LH:1
end_of_record
TN:
SF:lib/domain/usescases/todo_usecase.dart
FNF:0
FNH:0
DA:8,1
DA:10,1
DA:11,2
DA:13,1
DA:14,1
DA:15,2
DA:18,1
DA:19,1
DA:20,2
DA:23,3
LF:10
LH:10
end_of_record
TN:
SF:lib/presentation/app.dart
FNF:0
FNH:0
DA:8,2
DA:10,2
DA:13,2
DA:14,2
LF:4
LH:4
end_of_record
TN:
SF:lib/presentation/journey/dashboard/dashboard_routes.dart
FNF:0
FNH:0
DA:7,6
DA:8,6
DA:9,4
LF:3
LH:3
end_of_record
TN:
SF:lib/presentation/journey/dashboard/dashboard_screen.dart
FNF:0
FNH:0
DA:6,3
DA:7,3
DA:8,3
DA:12,3
DA:13,3
DA:15,3
DA:16,3
DA:18,9
DA:20,3
DA:22,2
DA:23,4
DA:25,3
DA:27,9
LF:13
LH:13
end_of_record
TN:
SF:lib/presentation/journey/todo/bloc/todo_bloc.dart
FNF:0
FNH:0
DA:12,1
DA:14,1
DA:15,1
DA:18,1
DA:19,1
DA:20,1
DA:21,2
DA:23,1
DA:24,2
DA:26,1
DA:27,2
DA:29,1
DA:30,2
DA:36,1
DA:37,4
DA:39,4
DA:40,2
DA:42,0
DA:46,1
DA:47,2
DA:48,2
DA:50,2
DA:51,3
DA:52,1
DA:53,2
DA:55,0
DA:59,1
DA:60,2
DA:61,2
DA:63,5
DA:64,2
DA:65,3
DA:66,6
DA:68,2
DA:70,0
DA:74,1
DA:75,2
DA:76,2
DA:78,4
DA:79,5
DA:80,2
DA:82,0
LF:42
LH:38
end_of_record
TN:
SF:lib/presentation/journey/todo/bloc/todo_event.dart
FNF:0
FNH:0
DA:9,3
DA:11,1
DA:12,2
DA:17,2
DA:19,1
DA:20,2
DA:25,2
DA:27,1
DA:28,2
DA:33,2
DA:35,1
DA:36,2
LF:12
LH:12
end_of_record
TN:
SF:lib/presentation/journey/todo/bloc/todo_state.dart
FNF:0
FNH:0
DA:8,3
DA:12,6
DA:16,2
DA:20,6
DA:24,2
LF:5
LH:5
end_of_record
TN:
SF:lib/presentation/journey/todo/create_todo/create_todo_screen.dart
FNF:0
FNH:0
DA:7,2
DA:10,2
DA:12,2
DA:13,2
DA:19,2
DA:21,2
DA:24,2
DA:26,2
DA:29,2
DA:30,2
DA:31,2
DA:35,2
DA:36,2
DA:37,2
DA:38,2
DA:40,2
DA:42,2
DA:47,2
DA:49,2
DA:50,10
LF:20
LH:20
end_of_record
TN:
SF:lib/presentation/journey/todo/todo_list/todo_list_screen.dart
FNF:0
FNH:0
DA:14,2
DA:16,2
DA:18,2
DA:19,2
DA:26,2
DA:28,2
DA:29,10
DA:32,2
DA:33,2
DA:34,2
DA:37,2
DA:38,2
DA:41,2
DA:42,4
DA:46,2
DA:47,2
DA:48,2
DA:49,2
DA:54,2
DA:55,2
DA:56,2
DA:63,2
DA:64,2
DA:65,2
DA:66,1
DA:67,1
DA:69,1
DA:70,3
DA:76,2
DA:78,1
DA:84,1
DA:88,2
DA:89,2
DA:90,1
DA:91,3
DA:93,2
DA:94,2
DA:95,4
DA:96,8
DA:97,2
DA:98,2
DA:99,1
DA:100,1
DA:101,2
DA:104,6
DA:106,1
LF:46
LH:46
end_of_record
TN:
SF:lib/presentation/journey/todo/todo_list/widgets/todo_item.dart
FNF:0
FNH:0
DA:10,3
DA:11,3
DA:13,3
DA:15,3
DA:16,9
DA:18,3
DA:28,2
DA:29,2
DA:30,4
DA:33,3
DA:34,3
DA:35,6
DA:36,6
DA:37,1
DA:38,1
DA:39,1
DA:40,1
DA:41,9
DA:43,3
DA:44,12
DA:45,3
DA:46,3
DA:47,6
LF:23
LH:23
end_of_record
TN:
SF:lib/presentation/journey/todo/todo_routes.dart
FNF:0
FNH:0
DA:12,3
DA:14,6
DA:15,6
DA:16,2
DA:17,2
DA:18,1
DA:19,3
DA:20,2
LF:8
LH:8
end_of_record
TN:
SF:lib/presentation/routes.dart
FNF:0
FNH:0
DA:7,12
DA:8,6
DA:9,6
DA:12,12
LF:4
LH:4
end_of_record
TN:
SF:lib/presentation/themes/theme_data.dart
FNF:0
FNH:0
DA:5,2
DA:6,2
DA:9,2
DA:10,2
DA:12,2
DA:13,2
DA:18,2
DA:19,2
LF:8
LH:8
end_of_record
TN:
SF:lib/presentation/themes/theme_text.dart
FNF:0
FNH:0
DA:55,2
LF:1
LH:1
end_of_record
